{
  "RSpec": {
    "coverage": {
      "/Users/niketjain/Desktop/newprojects/LineLength/lib/geometry.rb": [
        1,
        1
      ],
      "/Users/niketjain/Desktop/newprojects/LineLength/lib/geometry/line.rb": [
        1,
        null,
        1,
        null,
        1,
        2,
        2,
        null,
        null,
        1,
        2,
        null,
        null
      ],
      "/Users/niketjain/Desktop/newprojects/LineLength/lib/geometry/point.rb": [
        1,
        null,
        1,
        null,
        1,
        3,
        3,
        null,
        null,
        null
      ],
      "/Users/niketjain/Desktop/newprojects/LineLength/spec/geometry/point_spec.rb": [
        1,
        null,
        1,
        null,
        1,
        null,
        1,
        1,
        null,
        null,
        null
      ]
    },
    "timestamp": 1423082414
  }
}
